<?xml version="1.0" encoding="UTF-8"?>
<!-- Generated by org.testng.reporters.JUnitXMLReporter -->
<testsuite ignored="2" hostname="DESKTOP-ECOA2HK" failures="0" tests="1" name="Default test" time="10.444" errors="0" timestamp="2022-08-27T08:36:55 PDT">
  <testcase classname="Test.LoginPageTest" name="forgotpasswordlinktest" time="1.053"/>
  <testcase classname="Test.LoginPageTest" name="signupLinkTest" time="0.0">
    <ignored/>
  </testcase> <!-- signupLinkTest -->
  <testcase classname="Test.LoginPageTest" name="loginWithValidCredentialsTest" time="0.0">
    <ignored/>
  </testcase> <!-- loginWithValidCredentialsTest -->
</testsuite> <!-- Default test -->
