<?xml version="1.0" encoding="UTF-8"?>
<testng-results ignored="2" total="3" passed="1" failed="0" skipped="0">
  <reporter-output>
  </reporter-output>
  <suite started-at="2022-08-27T08:36:45 PDT" name="Default suite" finished-at="2022-08-27T08:36:55 PDT" duration-ms="10444">
    <groups>
    </groups>
    <test started-at="2022-08-27T08:36:45 PDT" name="Default test" finished-at="2022-08-27T08:36:55 PDT" duration-ms="10444">
      <class name="Test.LoginPageTest">
        <test-method is-config="true" signature="browser()[pri:0, instance:Test.LoginPageTest@4466af20]" started-at="2022-08-27T08:36:45 PDT" name="browser" finished-at="2022-08-27T08:36:54 PDT" duration-ms="9249" status="PASS">
          <reporter-output>
          </reporter-output>
        </test-method> <!-- browser -->
        <test-method signature="forgotpasswordlinktest()[pri:0, instance:Test.LoginPageTest@4466af20]" started-at="2022-08-27T08:36:54 PDT" name="forgotpasswordlinktest" finished-at="2022-08-27T08:36:55 PDT" duration-ms="1053" status="PASS">
          <reporter-output>
          </reporter-output>
        </test-method> <!-- forgotpasswordlinktest -->
      </class> <!-- Test.LoginPageTest -->
    </test> <!-- Default test -->
  </suite> <!-- Default suite -->
</testng-results>
